<?xml version="1.0" encoding="UTF-8"?>
<!-- Generated by org.testng.reporters.JUnitXMLReporter -->
<testsuite hostname="DESKTOP-E2RVPM6" name="login_Via_AllNon" tests="1" failures="0" timestamp="15 Jul 2016 09:48:44 GMT" time="0.025" errors="0">
  <testcase name="@BeforeTest BeforeTest" time="0.0" classname="com.yoya.test.LoginTest">
    <failure type="java.lang.NoClassDefFoundError" message="Could not initialize class org.openqa.selenium.firefox.internal.Executable">
      <![CDATA[java.lang.NoClassDefFoundError: Could not initialize class org.openqa.selenium.firefox.internal.Executable
	at org.openqa.selenium.firefox.FirefoxBinary.<init>(FirefoxBinary.java:60)
	at org.openqa.selenium.firefox.FirefoxBinary.<init>(FirefoxBinary.java:56)
	at org.openqa.selenium.firefox.FirefoxDriver.<init>(FirefoxDriver.java:124)
	at com.yoya.util.WebDriverGenerator.generateWebDriver(WebDriverGenerator.java:50)
	at com.yoya.test.LoginTest.BeforeTest(LoginTest.java:27)
... Removed 23 stack frames]]>
    </failure>
  </testcase> <!-- @BeforeTest BeforeTest -->
  <testcase name="@AfterTest AfterTest" time="0.0" classname="com.yoya.test.LoginTest">
    <skipped/>
  </testcase> <!-- @AfterTest AfterTest -->
  <testcase name="loginYoyaViaAllNon" time="0.002" classname="com.yoya.test.LoginTest">
    <skipped/>
  </testcase> <!-- loginYoyaViaAllNon -->
</testsuite> <!-- login_Via_AllNon -->
